<?xml version="1.0" encoding="UTF-8"?>
<!-- Generated by org.testng.reporters.JUnitReportReporter -->
<testsuite hostname="Saba" failures="0" tests="1" name="DemoWEbShop.DemoApp" time="4.344" errors="0" timestamp="2023-12-24T17:25:30 IST" skipped="0">
  <testcase classname="DemoWEbShop.DemoApp" name="loginDemoWebshop" time="4.344"/>
  <system-out/>
</testsuite> <!-- DemoWEbShop.DemoApp -->
