<?xml version="1.0" encoding="UTF-8"?>
<!-- Generated by org.testng.reporters.JUnitReportReporter -->
<testsuite hostname="Saba" failures="0" tests="2" name="Amazon.AmazonFromLogin" time="17.856" errors="0" timestamp="2023-12-24T17:25:30 IST" skipped="0">
  <testcase classname="Amazon.AmazonFromLogin" name="launchingBrowser" time="5.997"/>
  <system-out/>
  <testcase classname="Amazon.AmazonFromLogin" name="loginApp" time="11.859"/>
  <system-out/>
</testsuite> <!-- Amazon.AmazonFromLogin -->
